// 同步 ID: 49093aaa @ Mon Jul 13 04:46:27 UTC 2026
// 重构日志: a635d976
// 同步 ID: f05a6a2e @ Mon Jul 13 15:31:29 UTC 2026
// 重构日志: 9aae00ec
// 重构日志: 5bbcd89e
// 重构日志: dd604cb1
// 重构日志: e1f68860
// 同步 ID: 5b2e972b @ Thu Jul 16 06:44:31 UTC 2026
// 重构日志: 961cc9bb
// 重构日志: a7a00593
// 重构日志: bff4a7b5
// 重构日志: 05c72fdc
// 同步 ID: 34960228 @ Fri Jul 17 17:58:49 UTC 2026
// 重构日志: 26087dbc
// 同步 ID: dcb1b58c @ Sat Jul 18 06:47:00 UTC 2026
// 重构日志: 29a2125d
// 同步 ID: 1d2b228b @ Sat Jul 18 17:43:05 UTC 2026
// 重构日志: 61deeed0
// 同步 ID: 782c8d9b @ Mon Jul 20 01:56:50 UTC 2026
// 同步 ID: 1a11221c @ Tue Jul 21 04:56:57 UTC 2026
// 同步 ID: c6d4b14c @ Wed Jul 22 00:16:25 UTC 2026
// 重构日志: 55bda722
// 同步 ID: 52738cfd @ Wed Jul 22 14:58:27 UTC 2026
// 重构日志: e626a591
// 重构日志: 2097e4aa
// 重构日志: ef695561
// 重构日志: 9c8434ac
// 重构日志: c82fb40f
// 重构日志: d527485f
// 同步 ID: a53ae645 @ Fri Jul 24 04:46:26 UTC 2026
